# JRE version: Java(TM) SE Runtime Environment (8.0_102-b14) (build 1.8.0_102-b14)
# Java VM: Java HotSpot(TM) 64-Bit Server VM (25.102-b14 mixed mode windows-amd64 compressed oops)
Heap:
 PSYoungGen      total 285696K, used 117792K [0x00000000e0000000, 0x00000000f3380000, 0x0000000100000000)
  eden space 257024K, 43% used [0x00000000e0000000,0x00000000e6d10cd8,0x00000000efb00000)
  from space 28672K, 21% used [0x00000000efb00000,0x00000000f00f7678,0x00000000f1700000)
  to   space 20992K, 0% used [0x00000000f1700000,0x00000000f1700000,0x00000000f2b80000)
 ParOldGen       total 139776K, used 48424K [0x00000000a0000000, 0x00000000a8880000, 0x00000000e0000000)
  object space 139776K, 34% used [0x00000000a0000000,0x00000000a2f4a050,0x00000000a8880000)
 Metaspace       used 60293K, capacity 62026K, committed 62208K, reserved 1103872K
  class space    used 8021K, capacity 8389K, committed 8448K, reserved 1048576K
GC Heap History (10 events):
Event: 14.023 GC heap before
{Heap before GC invocations=12 (full 2):
 PSYoungGen      total 152064K, used 150855K [0x00000000e0000000, 0x00000000edb00000, 0x0000000100000000)
  eden space 140288K, 100% used [0x00000000e0000000,0x00000000e8900000,0x00000000e8900000)
  from space 11776K, 89% used [0x00000000e8900000,0x00000000e9351fa0,0x00000000e9480000)
  to   space 12800K, 0% used [0x00000000ece80000,0x00000000ece80000,0x00000000edb00000)
 ParOldGen       total 81408K, used 14933K [0x00000000a0000000, 0x00000000a4f80000, 0x00000000e0000000)
  object space 81408K, 18% used [0x00000000a0000000,0x00000000a0e95538,0x00000000a4f80000)
 Metaspace       used 44518K, capacity 45534K, committed 45824K, reserved 1089536K
  class space    used 6061K, capacity 6300K, committed 6400K, reserved 1048576K
Event: 14.039 GC heap after
Heap after GC invocations=12 (full 2):
 PSYoungGen      total 207872K, used 12799K [0x00000000e0000000, 0x00000000edb80000, 0x0000000100000000)
  eden space 195072K, 0% used [0x00000000e0000000,0x00000000e0000000,0x00000000ebe80000)
  from space 12800K, 99% used [0x00000000ece80000,0x00000000edafff88,0x00000000edb00000)
  to   space 14848K, 0% used [0x00000000ebe80000,0x00000000ebe80000,0x00000000ecd00000)
 ParOldGen       total 81408K, used 16567K [0x00000000a0000000, 0x00000000a4f80000, 0x00000000e0000000)
  object space 81408K, 20% used [0x00000000a0000000,0x00000000a102dd18,0x00000000a4f80000)
 Metaspace       used 44518K, capacity 45534K, committed 45824K, reserved 1089536K
  class space    used 6061K, capacity 6300K, committed 6400K, reserved 1048576K
}
Event: 24.340 GC heap before
{Heap before GC invocations=13 (full 2):
 PSYoungGen      total 207872K, used 207871K [0x00000000e0000000, 0x00000000edb80000, 0x0000000100000000)
  eden space 195072K, 100% used [0x00000000e0000000,0x00000000ebe80000,0x00000000ebe80000)
  from space 12800K, 99% used [0x00000000ece80000,0x00000000edafff88,0x00000000edb00000)
  to   space 14848K, 0% used [0x00000000ebe80000,0x00000000ebe80000,0x00000000ecd00000)
 ParOldGen       total 81408K, used 16567K [0x00000000a0000000, 0x00000000a4f80000, 0x00000000e0000000)
  object space 81408K, 20% used [0x00000000a0000000,0x00000000a102dd18,0x00000000a4f80000)
 Metaspace       used 51369K, capacity 52652K, committed 52736K, reserved 1095680K
  class space    used 6912K, capacity 7161K, committed 7168K, reserved 1048576K
Event: 24.376 GC heap after
Heap after GC invocations=13 (full 2):
 PSYoungGen      total 209920K, used 14823K [0x00000000e0000000, 0x00000000f2b80000, 0x0000000100000000)
  eden space 195072K, 0% used [0x00000000e0000000,0x00000000e0000000,0x00000000ebe80000)
  from space 14848K, 99% used [0x00000000ebe80000,0x00000000eccf9eb0,0x00000000ecd00000)
  to   space 20992K, 0% used [0x00000000f1700000,0x00000000f1700000,0x00000000f2b80000)
 ParOldGen       total 81408K, used 29460K [0x00000000a0000000, 0x00000000a4f80000, 0x00000000e0000000)
  object space 81408K, 36% used [0x00000000a0000000,0x00000000a1cc52d0,0x00000000a4f80000)
 Metaspace       used 51369K, capacity 52652K, committed 52736K, reserved 1095680K
  class space    used 6912K, capacity 7161K, committed 7168K, reserved 1048576K
}
Event: 38.341 GC heap before
{Heap before GC invocations=14 (full 2):
 PSYoungGen      total 209920K, used 203129K [0x00000000e0000000, 0x00000000f2b80000, 0x0000000100000000)
  eden space 195072K, 96% used [0x00000000e0000000,0x00000000eb7e48d8,0x00000000ebe80000)
  from space 14848K, 99% used [0x00000000ebe80000,0x00000000eccf9eb0,0x00000000ecd00000)
  to   space 20992K, 0% used [0x00000000f1700000,0x00000000f1700000,0x00000000f2b80000)
 ParOldGen       total 81408K, used 29460K [0x00000000a0000000, 0x00000000a4f80000, 0x00000000e0000000)
  object space 81408K, 36% used [0x00000000a0000000,0x00000000a1cc52d0,0x00000000a4f80000)
 Metaspace       used 57574K, capacity 58982K, committed 59096K, reserved 1099776K
  class space    used 7692K, capacity 8029K, committed 8064K, reserved 1048576K
Event: 38.383 GC heap after
Heap after GC invocations=14 (full 2):
 PSYoungGen      total 278016K, used 20969K [0x00000000e0000000, 0x00000000f3380000, 0x0000000100000000)
  eden space 257024K, 0% used [0x00000000e0000000,0x00000000e0000000,0x00000000efb00000)
  from space 20992K, 99% used [0x00000000f1700000,0x00000000f2b7a430,0x00000000f2b80000)
  to   space 28672K, 0% used [0x00000000efb00000,0x00000000efb00000,0x00000000f1700000)
 ParOldGen       total 81408K, used 42168K [0x00000000a0000000, 0x00000000a4f80000, 0x00000000e0000000)
  object space 81408K, 51% used [0x00000000a0000000,0x00000000a292e068,0x00000000a4f80000)
 Metaspace       used 57574K, capacity 58982K, committed 59096K, reserved 1099776K
  class space    used 7692K, capacity 8029K, committed 8064K, reserved 1048576K
}
Event: 38.383 GC heap before
{Heap before GC invocations=15 (full 3):
 PSYoungGen      total 278016K, used 20969K [0x00000000e0000000, 0x00000000f3380000, 0x0000000100000000)
  eden space 257024K, 0% used [0x00000000e0000000,0x00000000e0000000,0x00000000efb00000)
  from space 20992K, 99% used [0x00000000f1700000,0x00000000f2b7a430,0x00000000f2b80000)
  to   space 28672K, 0% used [0x00000000efb00000,0x00000000efb00000,0x00000000f1700000)
 ParOldGen       total 81408K, used 42168K [0x00000000a0000000, 0x00000000a4f80000, 0x00000000e0000000)
  object space 81408K, 51% used [0x00000000a0000000,0x00000000a292e068,0x00000000a4f80000)
 Metaspace       used 57574K, capacity 58982K, committed 59096K, reserved 1099776K
  class space    used 7692K, capacity 8029K, committed 8064K, reserved 1048576K
Event: 38.758 GC heap after
Heap after GC invocations=15 (full 3):
 PSYoungGen      total 278016K, used 0K [0x00000000e0000000, 0x00000000f3380000, 0x0000000100000000)
  eden space 257024K, 0% used [0x00000000e0000000,0x00000000e0000000,0x00000000efb00000)
  from space 20992K, 0% used [0x00000000f1700000,0x00000000f1700000,0x00000000f2b80000)
  to   space 28672K, 0% used [0x00000000efb00000,0x00000000efb00000,0x00000000f1700000)
 ParOldGen       total 139776K, used 48416K [0x00000000a0000000, 0x00000000a8880000, 0x00000000e0000000)
  object space 139776K, 34% used [0x00000000a0000000,0x00000000a2f48050,0x00000000a8880000)
 Metaspace       used 57572K, capacity 58976K, committed 59096K, reserved 1099776K
  class space    used 7692K, capacity 8028K, committed 8064K, reserved 1048576K
}
Event: 41.284 GC heap before
{Heap before GC invocations=16 (full 3):
 PSYoungGen      total 278016K, used 256375K [0x00000000e0000000, 0x00000000f3380000, 0x0000000100000000)
  eden space 257024K, 99% used [0x00000000e0000000,0x00000000efa5dd90,0x00000000efb00000)
  from space 20992K, 0% used [0x00000000f1700000,0x00000000f1700000,0x00000000f2b80000)
  to   space 28672K, 0% used [0x00000000efb00000,0x00000000efb00000,0x00000000f1700000)
 ParOldGen       total 139776K, used 48416K [0x00000000a0000000, 0x00000000a8880000, 0x00000000e0000000)
  object space 139776K, 34% used [0x00000000a0000000,0x00000000a2f48050,0x00000000a8880000)
 Metaspace       used 58911K, capacity 60482K, committed 60800K, reserved 1101824K
  class space    used 7864K, capacity 8203K, committed 8320K, reserved 1048576K
Event: 41.292 GC heap after
Heap after GC invocations=16 (full 3):
 PSYoungGen      total 285696K, used 6109K [0x00000000e0000000, 0x00000000f3380000, 0x0000000100000000)
  eden space 257024K, 0% used [0x00000000e0000000,0x00000000e0000000,0x00000000efb00000)
  from space 28672K, 21% used [0x00000000efb00000,0x00000000f00f7678,0x00000000f1700000)
  to   space 20992K, 0% used [0x00000000f1700000,0x00000000f1700000,0x00000000f2b80000)
 ParOldGen       total 139776K, used 48424K [0x00000000a0000000, 0x00000000a8880000, 0x00000000e0000000)
  object space 139776K, 34% used [0x00000000a0000000,0x00000000a2f4a050,0x00000000a8880000)
 Metaspace       used 58911K, capacity 60482K, committed 60800K, reserved 1101824K
  class space    used 7864K, capacity 8203K, committed 8320K, reserved 1048576K
}

